2023-02-23 17:06:39,671 - INFO - Successfully initialized SISEPUEDEFileStructure.
2023-02-23 17:06:39,672 - WARNING - Missing key dict_dimensional_keys: key time_series not found. Tables that rely on the time_series will not have index checking.
2023-02-23 17:06:39,673 - INFO - 	Setting export engine to 'sqlite'.
2023-02-23 17:06:39,691 - WARNING - No index fields defined. Index field values will not be checked when writing to tables.
2023-02-23 17:06:39,692 - INFO - Successfully instantiated table ANALYSIS_METADATA
2023-02-23 17:06:39,694 - WARNING - No index fields found in ATTRIBUTE_DESIGN. Initializing index fields.
2023-02-23 17:06:39,695 - INFO - Successfully instantiated table ATTRIBUTE_DESIGN
2023-02-23 17:06:39,697 - WARNING - No index fields found in ATTRIBUTE_LHC_SAMPLES_EXOGENOUS_UNCERTAINTIES. Initializing index fields.
2023-02-23 17:06:39,698 - INFO - Successfully instantiated table ATTRIBUTE_LHC_SAMPLES_EXOGENOUS_UNCERTAINTIES
2023-02-23 17:06:39,700 - WARNING - No index fields found in ATTRIBUTE_LHC_SAMPLES_LEVER_EFFECTS. Initializing index fields.
2023-02-23 17:06:39,701 - INFO - Successfully instantiated table ATTRIBUTE_LHC_SAMPLES_LEVER_EFFECTS
2023-02-23 17:06:39,703 - WARNING - No index fields found in ATTRIBUTE_PRIMARY. Initializing index fields.
2023-02-23 17:06:39,704 - INFO - Successfully instantiated table ATTRIBUTE_PRIMARY
2023-02-23 17:06:39,707 - WARNING - No index fields found in ATTRIBUTE_STRATEGY. Initializing index fields.
2023-02-23 17:06:39,708 - INFO - Successfully instantiated table ATTRIBUTE_STRATEGY
2023-02-23 17:06:39,710 - WARNING - No index fields found in MODEL_BASE_INPUT_DATABASE. Initializing index fields.
2023-02-23 17:06:39,711 - INFO - Successfully instantiated table MODEL_BASE_INPUT_DATABASE
2023-02-23 17:06:39,713 - WARNING - No index fields found in MODEL_INPUT. Initializing index fields.
2023-02-23 17:06:39,714 - INFO - Successfully instantiated table MODEL_INPUT
2023-02-23 17:06:39,716 - WARNING - No index fields found in MODEL_OUTPUT. Initializing index fields.
2023-02-23 17:06:39,717 - INFO - Successfully instantiated table MODEL_OUTPUT
2023-02-23 17:06:39,718 - INFO - SISEPUEDEOutputDatabase successfully initialized IterativeDatabase.
2023-02-23 17:06:39,719 - INFO - Successfully initialized database with:
	type:	sqlite
	analysis id:	sisepuede_run_2023-02-23T17:06:38.525255
	fp_base_output:	/Users/jsyme/Documents/Projects/git_jbus/lac_decarbonization/out/sisepuede_run_2023-02-23T17;06;38.525255/sisepuede_run_2023-02-23T17;06;38.525255_output_database
2023-02-23 17:06:39,720 - INFO - Running SISEPUEDE under template data mode 'calibrated'.
2023-02-23 17:06:39,721 - INFO - Initializing BaseInputDatabase
2023-02-23 17:06:41,613 - INFO - Initializing FutureTrajectories
2023-02-23 17:06:43,388 - INFO - Instantiating 1912 sampling units.
2023-02-23 17:06:43,420 - INFO - Iteration 0 complete.
2023-02-23 17:06:48,088 - INFO - Iteration 250 complete.
2023-02-23 17:06:52,728 - INFO - Iteration 500 complete.
2023-02-23 17:06:57,271 - INFO - Iteration 750 complete.
2023-02-23 17:07:01,958 - INFO - Iteration 1000 complete.
2023-02-23 17:07:06,723 - INFO - Iteration 1250 complete.
2023-02-23 17:07:11,344 - INFO - Iteration 1500 complete.
2023-02-23 17:07:15,890 - INFO - Iteration 1750 complete.
2023-02-23 17:07:19,233 - INFO - 	1912 sampling units complete in 35.84 seconds.
2023-02-23 17:07:19,236 - INFO - 	FutureTrajectories for 'brazil' complete.
2023-02-23 17:07:19,238 - INFO - Initializing LHSDesign
2023-02-23 17:07:19,239 - INFO - LHSDesign.fields_factors_l reset successful.
2023-02-23 17:07:19,239 - INFO - LHSDesign.fields_factors_x reset successful.
2023-02-23 17:07:19,659 - INFO - 	LHSDesign for region 'brazil' complete.
2023-02-23 17:07:19,660 - INFO - Generating primary keys (values of primary_id)...
2023-02-23 17:07:19,661 - INFO - Successfully initialized SISEPUEDEExperimentalManager.
2023-02-23 17:07:19,665 - INFO - Successfully initialized NemoMod temporary database path as /Users/jsyme/Documents/Projects/git_jbus/lac_decarbonization/tmp/nemomod_intermediate_database.sqlite.
2023-02-23 17:07:19,666 - INFO - Set Julia directory for modules and environment to '/Users/jsyme/Documents/Projects/git_jbus/lac_decarbonization/julia'.
2023-02-23 17:07:19,726 - INFO - Successfully read NemoMod input table data from /Users/jsyme/Documents/Projects/git_jbus/lac_decarbonization/ref/nemo_mod/CapacityFactor.csv
2023-02-23 17:07:19,732 - INFO - Successfully read NemoMod input table data from /Users/jsyme/Documents/Projects/git_jbus/lac_decarbonization/ref/nemo_mod/SpecifiedDemandProfile.csv
2023-02-23 17:07:19,809 - INFO - Calling Julia API...
2023-02-23 17:07:19,810 - DEBUG - 
2023-02-23 17:07:21,961 - DEBUG - pyprogramname = /Users/jsyme/anaconda3/bin/python
2023-02-23 17:07:21,962 - DEBUG - sys.executable = /Users/jsyme/anaconda3/bin/python
2023-02-23 17:07:21,962 - DEBUG - bindir = /Applications/Julia-1.8.app/Contents/Resources/julia/bin
2023-02-23 17:07:21,962 - DEBUG - libjulia_path = /Applications/Julia-1.8.app/Contents/Resources/julia/lib/libjulia.1.8.dylib
2023-02-23 17:07:21,990 - DEBUG - py_libpython = None
2023-02-23 17:07:21,990 - DEBUG - jl_libpython = /Users/jsyme/anaconda3/lib/libpython3.8.dylib
2023-02-23 17:07:21,991 - DEBUG - is_compatible_python = False
2023-02-23 17:07:21,992 - DEBUG - compiled_modules = 'no'
2023-02-23 17:07:21,993 - DEBUG - argv_list = [b'/Users/jsyme/anaconda3/bin/python', b'--compiled-modules', b'no']
2023-02-23 17:07:21,993 - DEBUG - argc = c_int(3)
2023-02-23 17:07:21,993 - DEBUG - jl_parse_opts called
2023-02-23 17:07:21,993 - DEBUG - argc = c_int(0)
2023-02-23 17:07:21,993 - DEBUG - calling jl_init_with_image(/Applications/Julia-1.8.app/Contents/Resources/julia/bin, /Applications/Julia-1.8.app/Contents/Resources/julia/lib/julia/sys.dylib)
2023-02-23 17:07:22,308 - DEBUG - seems to work...
2023-02-23 17:07:33,404 - DEBUG - exception occured? None
2023-02-23 17:07:33,405 - DEBUG - exception occured? None
2023-02-23 17:07:33,405 - DEBUG - exception occured? None
2023-02-23 17:07:33,405 - DEBUG - exception occured? None
2023-02-23 17:07:33,405 - DEBUG - exception occured? None
2023-02-23 17:07:33,462 - DEBUG - exception occured? None
2023-02-23 17:07:33,463 - DEBUG - exception occured? None
2023-02-23 17:07:33,469 - DEBUG - exception occured? None
2023-02-23 17:07:33,470 - DEBUG - exception occured? None
2023-02-23 17:07:33,470 - DEBUG - exception occured? None
2023-02-23 17:07:33,607 - DEBUG - 	Successfully activated Julia with compiled_modules = False
2023-02-23 17:07:33,609 - DEBUG - 
2023-02-23 17:07:33,610 - DEBUG - exception occured? None
2023-02-23 17:07:33,610 - DEBUG - exception occured? None
2023-02-23 17:07:33,610 - DEBUG - exception occured? None
2023-02-23 17:07:33,610 - DEBUG - exception occured? None
2023-02-23 17:07:33,610 - DEBUG - exception occured? None
2023-02-23 17:07:33,610 - DEBUG - exception occured? None
2023-02-23 17:07:33,611 - DEBUG - exception occured? None
2023-02-23 17:07:33,611 - DEBUG - exception occured? None
2023-02-23 17:07:33,611 - DEBUG - exception occured? None
2023-02-23 17:07:33,612 - DEBUG - exception occured? None
2023-02-23 17:07:33,612 - DEBUG - exception occured? None
2023-02-23 17:07:33,612 - DEBUG - exception occured? None
2023-02-23 17:07:33,613 - DEBUG - 	Successfully imported julia.Base
2023-02-23 17:07:33,614 - DEBUG - 	Successfully imported julia.Main
2023-02-23 17:07:33,615 - DEBUG - exception occured? 6269594240
2023-02-23 17:07:33,816 - DEBUG - exception occured? None
2023-02-23 17:07:33,816 - DEBUG - exception occured? None
2023-02-23 17:07:33,817 - DEBUG - 	Successfully imported julia.Pkg
2023-02-23 17:07:33,818 - DEBUG - exception occured? None
2023-02-23 17:07:33,818 - DEBUG - exception occured? None
2023-02-23 17:07:33,818 - DEBUG - exception occured? None
2023-02-23 17:07:33,818 - DEBUG - exception occured? None
2023-02-23 17:07:33,818 - DEBUG - exception occured? None
2023-02-23 17:07:33,819 - DEBUG - exception occured? None
2023-02-23 17:07:33,819 - DEBUG - exception occured? None
2023-02-23 17:07:33,819 - DEBUG - exception occured? None
2023-02-23 17:07:33,819 - DEBUG - exception occured? None
2023-02-23 17:07:34,720 - DEBUG - 	Available Packages:
		'CSV'
		 'CUDA'
		 'Statistics'
		 'GLPK'
		 'Revise'
		 'SQLite'
		 'Random'
		 'Clp'
		 'Atom'
		 'StructArrays'
		 'JuMP'
		 'Graphs'
		 'Shapefile'
		 'ExcelReaders'
		 'Juniper'
		 'LatinHypercubeSampling'
		 'Ipopt'
		 'PyCall'
		 'IJulia'
		 'LazySets'
		 'Flux'
		 'Plots'
		 'GeoInterface'
		 'SCIP'
		 'NEOSServer'
		 'XLSX'
		 'Cbc'
		 'DataFrames'
		 'DistributedArrays'
		 'Gurobi'
		 'MathOptInterface'
		 'PlotlyJS'
2023-02-23 17:07:34,720 - DEBUG - exception occured? None
2023-02-23 17:07:34,721 - DEBUG - exception occured? None
2023-02-23 17:07:34,721 - DEBUG - exception occured? None
2023-02-23 17:07:35,472 - INFO - Successfully activated Julia environment at '/Users/jsyme/Documents/Projects/git_jbus/lac_decarbonization/julia'
2023-02-23 17:07:35,474 - DEBUG - exception occured? 5134266080
2023-02-23 17:08:38,386 - DEBUG - exception occured? None
2023-02-23 17:08:38,386 - DEBUG - exception occured? None
2023-02-23 17:08:38,387 - DEBUG - exception occured? 6311644032
2023-02-23 17:08:38,401 - DEBUG - exception occured? None
2023-02-23 17:08:38,402 - DEBUG - exception occured? None
2023-02-23 17:08:38,402 - DEBUG - exception occured? None
2023-02-23 17:08:38,403 - DEBUG - exception occured? None
2023-02-23 17:08:38,403 - DEBUG - exception occured? None
2023-02-23 17:08:38,419 - DEBUG - exception occured? None
2023-02-23 17:08:38,419 - DEBUG - exception occured? None
2023-02-23 17:08:38,422 - DEBUG - exception occured? None
2023-02-23 17:08:38,423 - DEBUG - exception occured? None
2023-02-23 17:08:38,423 - DEBUG - exception occured? None
2023-02-23 17:08:38,424 - DEBUG - exception occured? None
2023-02-23 17:08:38,424 - DEBUG - exception occured? None
2023-02-23 17:08:38,424 - DEBUG - exception occured? None
2023-02-23 17:08:38,425 - DEBUG - exception occured? None
2023-02-23 17:08:38,425 - DEBUG - exception occured? None
2023-02-23 17:08:38,425 - DEBUG - exception occured? None
2023-02-23 17:08:38,433 - DEBUG - exception occured? None
2023-02-23 17:08:38,434 - DEBUG - exception occured? None
2023-02-23 17:08:38,434 - DEBUG - exception occured? None
2023-02-23 17:08:38,434 - DEBUG - exception occured? None
2023-02-23 17:08:38,435 - DEBUG - exception occured? None
2023-02-23 17:08:38,435 - DEBUG - exception occured? None
2023-02-23 17:08:38,435 - DEBUG - exception occured? None
2023-02-23 17:08:38,504 - DEBUG - exception occured? None
2023-02-23 17:08:38,505 - DEBUG - exception occured? None
2023-02-23 17:08:38,505 - DEBUG - exception occured? None
2023-02-23 17:08:38,505 - DEBUG - exception occured? None
2023-02-23 17:08:38,506 - DEBUG - exception occured? None
2023-02-23 17:08:38,506 - DEBUG - exception occured? None
2023-02-23 17:08:38,538 - DEBUG - exception occured? 5132116096
2023-02-23 17:08:39,454 - DEBUG - exception occured? None
2023-02-23 17:08:39,455 - DEBUG - exception occured? None
2023-02-23 17:08:39,455 - INFO - Successfully initialized JuMP optimizer from solver module Gurobi.
2023-02-23 17:08:39,481 - INFO - Successfully initialized SISEPUEDEModels.
2023-02-23 17:08:39,567 - INFO - Table ANALYSIS_METADATA successfully written to database.
2023-02-23 17:08:39,584 - INFO - Table ATTRIBUTE_DESIGN successfully written to database.
2023-02-23 17:08:39,801 - INFO - Table ATTRIBUTE_LHC_SAMPLES_LEVER_EFFECTS successfully written to database.
2023-02-23 17:08:42,842 - INFO - Table ATTRIBUTE_LHC_SAMPLES_EXOGENOUS_UNCERTAINTIES successfully written to database.
2023-02-23 17:08:42,863 - INFO - Table ATTRIBUTE_STRATEGY successfully written to database.
2023-02-23 17:08:43,876 - INFO - Table MODEL_BASE_INPUT_DATABASE successfully written to database.
2023-02-23 17:09:22,512 - DEBUG - exception occured? 6253969632
2023-02-23 17:09:22,512 - DEBUG - exception occured? None
2023-02-23 17:09:22,513 - DEBUG - exception occured? 6253972112
2023-02-23 17:09:22,513 - DEBUG - exception occured? None
2023-02-23 17:09:22,514 - DEBUG - exception occured? 6253974592
2023-02-23 17:09:22,514 - DEBUG - exception occured? None
2023-02-23 17:09:22,514 - DEBUG - exception occured? 6253976992
2023-02-23 17:09:22,515 - DEBUG - exception occured? None
2023-02-23 17:09:22,515 - DEBUG - exception occured? 6253979520
2023-02-23 17:09:22,516 - DEBUG - exception occured? None
2023-02-23 17:09:22,516 - DEBUG - exception occured? 6253982208
2023-02-23 17:09:22,516 - DEBUG - exception occured? None
2023-02-23 17:09:22,517 - DEBUG - exception occured? 6253984672
2023-02-23 17:09:22,517 - DEBUG - exception occured? None
2023-02-23 17:09:22,517 - DEBUG - exception occured? 6254019888
2023-02-23 17:09:22,518 - DEBUG - exception occured? None
2023-02-23 17:09:22,520 - DEBUG - exception occured? 6254022272
2023-02-23 17:09:22,520 - DEBUG - exception occured? None
2023-02-23 17:09:22,521 - DEBUG - exception occured? 6254024656
2023-02-23 17:09:22,521 - DEBUG - exception occured? None
2023-02-23 17:09:22,521 - DEBUG - exception occured? 6254027296
2023-02-23 17:09:22,521 - DEBUG - exception occured? None
2023-02-23 17:09:22,522 - DEBUG - exception occured? 6254029776
2023-02-23 17:09:22,522 - DEBUG - exception occured? None
2023-02-23 17:09:22,523 - DEBUG - exception occured? 6254032160
2023-02-23 17:09:22,523 - DEBUG - exception occured? None
2023-02-23 17:09:22,523 - DEBUG - exception occured? 6254034576
2023-02-23 17:09:22,524 - DEBUG - exception occured? None
2023-02-23 17:09:22,524 - DEBUG - exception occured? 6254053424
2023-02-23 17:09:22,525 - DEBUG - exception occured? None
2023-02-23 17:09:22,525 - DEBUG - exception occured? 6254055888
2023-02-23 17:09:22,525 - DEBUG - exception occured? None
