2023-05-14 17:48:04,347 - INFO - TransformationsEnergy.build_strategies_long() starting build of 67 strategies...
2023-05-14 17:48:04,687 - INFO - 	Successfully built transformation strategy_id = 3001 ('CCSQ: Increase direct air capture') in 0.34 seconds.
2023-05-14 17:48:09,316 - INFO - 	Successfully built transformation strategy_id = 3002 ('CCSQ: Increase direct air capture with renewable energy production') in 4.63 seconds.
2023-05-14 17:48:12,924 - INFO - 	Successfully built transformation strategy_id = 3003 ('ENTC: 95% of electricity is generated by renewables in 2050') in 3.61 seconds.
2023-05-14 17:48:13,409 - INFO - 	Successfully built transformation strategy_id = 3004 ('ENTC: Least cost solution') in 0.48 seconds.
2023-05-14 17:48:14,377 - INFO - 	Successfully built transformation strategy_id = 3005 ('ENTC: Reduce transmission losses') in 0.97 seconds.
2023-05-14 17:48:19,412 - INFO - 	Successfully built transformation strategy_id = 3006 ('ENTC: Reduce transmission losses with renewable energy production') in 5.03 seconds.
2023-05-14 17:48:20,047 - INFO - 	Successfully built transformation strategy_id = 3007 ('FGTV: All Fugitive Emissions transformations') in 0.63 seconds.
2023-05-14 17:48:24,744 - INFO - 	Successfully built transformation strategy_id = 3008 ('FGTV: All Fugitive Emissions transformations with renewable energy production') in 4.7 seconds.
2023-05-14 17:48:25,098 - INFO - 	Successfully built transformation strategy_id = 3009 ('FGTV: Maximize flaring') in 0.35 seconds.
2023-05-14 17:48:29,427 - INFO - 	Successfully built transformation strategy_id = 3010 ('FGTV: Maximize flaring with renewable energy production') in 4.33 seconds.
2023-05-14 17:48:29,784 - INFO - 	Successfully built transformation strategy_id = 3011 ('FGTV: Minimize leaks') in 0.36 seconds.
2023-05-14 17:48:34,114 - INFO - 	Successfully built transformation strategy_id = 3012 ('FGTV: Minimize leaks with renewable energy production') in 4.33 seconds.
2023-05-14 17:48:39,568 - INFO - 	Successfully built transformation strategy_id = 3013 ('INEN: All Industrial Energy transformations') in 5.45 seconds.
2023-05-14 17:48:48,788 - INFO - 	Successfully built transformation strategy_id = 3014 ('INEN: All Industrial Energy transformations with renewable energy production') in 9.22 seconds.
2023-05-14 17:48:51,095 - INFO - 	Successfully built transformation strategy_id = 3015 ('INEN: Fuel switch low-temp thermal processes to industrial heat pumps') in 2.31 seconds.
2023-05-14 17:48:57,333 - INFO - 	Successfully built transformation strategy_id = 3016 ('INEN: Fuel switch low-temp thermal processes to industrial heat pumps with renewable energy production') in 6.24 seconds.
2023-05-14 17:48:59,744 - INFO - 	Successfully built transformation strategy_id = 3017 ('INEN: Fuel switch medium and high-temp thermal processes to hydrogen and electricity') in 2.41 seconds.
2023-05-14 17:49:06,137 - INFO - 	Successfully built transformation strategy_id = 3018 ('INEN: Fuel switch medium and high-temp thermal processes to hydrogen and electricity with renewable energy production') in 6.39 seconds.
2023-05-14 17:49:06,541 - INFO - 	Successfully built transformation strategy_id = 3019 ('INEN: Maximize industrial energy efficiency') in 0.4 seconds.
2023-05-14 17:49:10,834 - INFO - 	Successfully built transformation strategy_id = 3020 ('INEN: Maximize industrial energy efficiency with renewable energy production') in 4.29 seconds.
2023-05-14 17:49:11,299 - INFO - 	Successfully built transformation strategy_id = 3021 ('INEN: Maximize industrial production efficiency') in 0.46 seconds.
2023-05-14 17:49:15,610 - INFO - 	Successfully built transformation strategy_id = 3022 ('INEN: Maximize industrial production efficiency with renewable energy production') in 4.31 seconds.
2023-05-14 17:49:16,639 - INFO - 	Successfully built transformation strategy_id = 3023 ('SCOE: All Stationary Combustion and Other Energy transformations') in 1.03 seconds.
2023-05-14 17:49:21,685 - INFO - 	Successfully built transformation strategy_id = 3024 ('SCOE: All Stationary Combustion and Other Energy transformations with renewable energy production') in 5.04 seconds.
2023-05-14 17:49:21,963 - INFO - 	Successfully built transformation strategy_id = 3025 ('SCOE: Increase appliance efficiency') in 0.28 seconds.
2023-05-14 17:49:26,177 - INFO - 	Successfully built transformation strategy_id = 3026 ('SCOE: Increase appliance efficiency with renewable energy production') in 4.21 seconds.
2023-05-14 17:49:26,450 - INFO - 	Successfully built transformation strategy_id = 3027 ('SCOE: Reduce end-use demand for heat energy by improving building shell') in 0.27 seconds.
2023-05-14 17:49:30,736 - INFO - 	Successfully built transformation strategy_id = 3028 ('SCOE: Reduce end-use demand for heat energy by improving building shell with renewable energy production') in 4.28 seconds.
2023-05-14 17:49:31,138 - INFO - 	Successfully built transformation strategy_id = 3029 ('SCOE: Switch to electricity for heat using heat pumps, electric stoves, etc.') in 0.4 seconds.
2023-05-14 17:49:35,503 - INFO - 	Successfully built transformation strategy_id = 3030 ('SCOE: Switch to electricity for heat using heat pumps, electric stoves, etc. with renewable energy production') in 4.36 seconds.
2023-05-14 17:49:40,151 - INFO - 	Successfully built transformation strategy_id = 3031 ('TRNS: All Transportation transformations') in 4.65 seconds.
2023-05-14 17:49:48,685 - INFO - 	Successfully built transformation strategy_id = 3032 ('TRNS: All Transportation transformations with renewable energy production') in 8.53 seconds.
2023-05-14 17:49:49,262 - INFO - 	Successfully built transformation strategy_id = 3033 ('TRNS: Demand management bundle') in 0.58 seconds.
2023-05-14 17:49:54,423 - INFO - 	Successfully built transformation strategy_id = 3034 ('TRNS: Demand management bundle with renewable energy production') in 5.16 seconds.
2023-05-14 17:49:55,102 - INFO - 	Successfully built transformation strategy_id = 3035 ('TRNS: Efficiency bundle') in 0.68 seconds.
2023-05-14 17:50:00,314 - INFO - 	Successfully built transformation strategy_id = 3036 ('TRNS: Efficiency bundle with renewable energy production') in 5.21 seconds.
2023-05-14 17:50:00,652 - INFO - 	Successfully built transformation strategy_id = 3037 ('TRNS: Electrify light duty road transport') in 0.34 seconds.
2023-05-14 17:50:05,635 - INFO - 	Successfully built transformation strategy_id = 3038 ('TRNS: Electrify light duty road transport with renewable energy production') in 4.98 seconds.
2023-05-14 17:50:06,051 - INFO - 	Successfully built transformation strategy_id = 3039 ('TRNS: Electrify rail') in 0.41 seconds.
2023-05-14 17:50:11,095 - INFO - 	Successfully built transformation strategy_id = 3040 ('TRNS: Electrify rail with renewable energy production') in 5.04 seconds.
2023-05-14 17:50:13,550 - INFO - 	Successfully built transformation strategy_id = 3041 ('TRNS: Fuel switch bundle') in 2.45 seconds.
2023-05-14 17:50:19,879 - INFO - 	Successfully built transformation strategy_id = 3042 ('TRNS: Fuel switch bundle with renewable energy production') in 6.33 seconds.
2023-05-14 17:50:20,542 - INFO - 	Successfully built transformation strategy_id = 3043 ('TRNS: Fuel switch maritime') in 0.66 seconds.
2023-05-14 17:50:25,125 - INFO - 	Successfully built transformation strategy_id = 3044 ('TRNS: Fuel switch maritime with renewable energy production') in 4.58 seconds.
2023-05-14 17:50:26,028 - INFO - 	Successfully built transformation strategy_id = 3045 ('TRNS: Fuel switch medium duty road transport') in 0.9 seconds.
2023-05-14 17:50:30,882 - INFO - 	Successfully built transformation strategy_id = 3046 ('TRNS: Fuel switch medium duty road transport with renewable energy production') in 4.85 seconds.
2023-05-14 17:50:31,219 - INFO - 	Successfully built transformation strategy_id = 3047 ('TRNS: Increase occupancy for private vehicles') in 0.34 seconds.
2023-05-14 17:50:35,523 - INFO - 	Successfully built transformation strategy_id = 3048 ('TRNS: Increase occupancy for private vehicles with renewable energy production') in 4.3 seconds.
2023-05-14 17:50:35,880 - INFO - 	Successfully built transformation strategy_id = 3049 ('TRNS: Increase transportation electricity energy efficiency') in 0.36 seconds.
2023-05-14 17:50:40,075 - INFO - 	Successfully built transformation strategy_id = 3050 ('TRNS: Increase transportation electricity energy efficiency with renewable energy production') in 4.19 seconds.
2023-05-14 17:50:40,472 - INFO - 	Successfully built transformation strategy_id = 3051 ('TRNS: Increase transportation non-electricity energy efficiency') in 0.4 seconds.
2023-05-14 17:50:45,059 - INFO - 	Successfully built transformation strategy_id = 3052 ('TRNS: Increase transportation non-electricity energy efficiency with renewable energy production') in 4.59 seconds.
2023-05-14 17:50:46,034 - INFO - 	Successfully built transformation strategy_id = 3053 ('TRNS: Mode shift bundle') in 0.97 seconds.
2023-05-14 17:50:50,855 - INFO - 	Successfully built transformation strategy_id = 3054 ('TRNS: Mode shift bundle with renewable energy production') in 4.82 seconds.
2023-05-14 17:50:51,139 - INFO - 	Successfully built transformation strategy_id = 3055 ('TRNS: Mode shift freight') in 0.28 seconds.
2023-05-14 17:50:55,448 - INFO - 	Successfully built transformation strategy_id = 3056 ('TRNS: Mode shift freight with renewable energy production') in 4.31 seconds.
2023-05-14 17:50:55,730 - INFO - 	Successfully built transformation strategy_id = 3057 ('TRNS: Mode shift passenger vehicles to others') in 0.28 seconds.
2023-05-14 17:51:00,102 - INFO - 	Successfully built transformation strategy_id = 3058 ('TRNS: Mode shift passenger vehicles to others with renewable energy production') in 4.37 seconds.
2023-05-14 17:51:00,401 - INFO - 	Successfully built transformation strategy_id = 3059 ('TRNS: Mode shift regional passenger travel') in 0.3 seconds.
2023-05-14 17:51:06,399 - INFO - 	Successfully built transformation strategy_id = 3060 ('TRNS: Mode shift regional passenger travel with renewable energy production') in 6.0 seconds.
2023-05-14 17:51:06,803 - INFO - 	Successfully built transformation strategy_id = 3061 ('TRNS: Reduce demand for transport') in 0.4 seconds.
2023-05-14 17:51:11,424 - INFO - 	Successfully built transformation strategy_id = 3062 ('TRNS: Reduce demand for transport with renewable energy production') in 4.62 seconds.
2023-05-14 17:51:15,873 - INFO - 	Successfully built transformation strategy_id = 3063 ('EN: Efficiency bundle') in 4.45 seconds.
2023-05-14 17:51:24,291 - INFO - 	Successfully built transformation strategy_id = 3064 ('EN: Efficiency bundle with renewable energy production') in 8.42 seconds.
2023-05-14 17:51:31,692 - INFO - 	Successfully built transformation strategy_id = 3065 ('EN: Fuel switch bundle') in 7.4 seconds.
2023-05-14 17:51:42,843 - INFO - 	Successfully built transformation strategy_id = 3066 ('EN: Fuel switch bundle with renewable energy production') in 11.15 seconds.
2023-05-14 17:52:03,841 - INFO - 	Successfully built transformation strategy_id = 3067 ('EN: All Energy transformations') in 21.0 seconds.
2023-05-14 17:52:06,928 - INFO - TransformationsEnergy.build_strategies_long() build complete in 242.58 seconds.
