2022-11-17 02:14:07,925 - INFO - Successfully initialized SISEPUEDEFileStructure.
2022-11-17 02:14:07,926 - WARNING - Missing key dict_dimensional_keys: key time_series not found. Tables that rely on the time_series will not have index checking.
2022-11-17 02:14:07,926 - INFO - 	Setting export engine to 'sqlite'.
2022-11-17 02:14:07,944 - WARNING - No index fields defined. Index field values will not be checked when writing to tables.
2022-11-17 02:14:07,945 - INFO - Successfully instantiated table ANALYSIS_METADATA
2022-11-17 02:14:07,949 - WARNING - No index fields found in ATTRIBUTE_DESIGN. Initializing index fields.
2022-11-17 02:14:07,950 - INFO - Successfully instantiated table ATTRIBUTE_DESIGN
2022-11-17 02:14:07,955 - WARNING - No index fields found in ATTRIBUTE_LHC_SAMPLES_EXOGENOUS_UNCERTAINTIES. Initializing index fields.
2022-11-17 02:14:07,955 - INFO - Successfully instantiated table ATTRIBUTE_LHC_SAMPLES_EXOGENOUS_UNCERTAINTIES
2022-11-17 02:14:07,960 - WARNING - No index fields found in ATTRIBUTE_LHC_SAMPLES_LEVER_EFFECTS. Initializing index fields.
2022-11-17 02:14:07,961 - INFO - Successfully instantiated table ATTRIBUTE_LHC_SAMPLES_LEVER_EFFECTS
2022-11-17 02:14:07,965 - WARNING - No index fields found in ATTRIBUTE_PRIMARY. Initializing index fields.
2022-11-17 02:14:07,966 - INFO - Successfully instantiated table ATTRIBUTE_PRIMARY
2022-11-17 02:14:07,972 - WARNING - No index fields found in ATTRIBUTE_STRATEGY. Initializing index fields.
2022-11-17 02:14:07,972 - INFO - Successfully instantiated table ATTRIBUTE_STRATEGY
2022-11-17 02:14:07,977 - WARNING - No index fields defined. Index field values will not be checked when writing to tables.
2022-11-17 02:14:07,978 - INFO - Successfully instantiated table MODEL_BASE_INPUT_DATABASE
2022-11-17 02:14:07,985 - WARNING - No index fields found in MODEL_INPUT. Initializing index fields.
2022-11-17 02:14:07,986 - INFO - Successfully instantiated table MODEL_INPUT
2022-11-17 02:14:07,991 - WARNING - No index fields found in MODEL_OUTPUT. Initializing index fields.
2022-11-17 02:14:07,992 - INFO - Successfully instantiated table MODEL_OUTPUT
2022-11-17 02:14:07,994 - INFO - SISEPUEDEOutputDatabase successfully initialized IterativeDatabase.
2022-11-17 02:14:07,995 - INFO - Successfully initialized database with:
	type:	sqlite
	analysis id:	sisepuede_run_2022-11-17T02:14:06.755008
	fp_base_output:	/Users/jsyme/Documents/Projects/git_jbus/lac_decarbonization/out/sisepuede_run_2022-11-17T02;14;06.755008/sisepuede_run_2022-11-17T02;14;06.755008_output_database
2022-11-17 02:14:07,997 - INFO - Running SISEPUEDE under template data mode 'demo'.
2022-11-17 02:14:07,998 - INFO - Initializing BaseInputDatabase
2022-11-17 02:14:08,957 - INFO - Initializing FutureTrajectories
2022-11-17 02:14:09,423 - INFO - Instantiating 1913 sampling units.
2022-11-17 02:14:09,489 - INFO - Iteration 0 complete.
2022-11-17 02:14:20,825 - INFO - Iteration 250 complete.
2022-11-17 02:14:32,218 - INFO - Iteration 500 complete.
2022-11-17 02:14:43,761 - INFO - Iteration 750 complete.
2022-11-17 02:14:56,039 - INFO - Iteration 1000 complete.
2022-11-17 02:15:07,141 - INFO - Iteration 1250 complete.
2022-11-17 02:15:18,718 - INFO - Iteration 1500 complete.
2022-11-17 02:15:29,764 - INFO - Iteration 1750 complete.
2022-11-17 02:15:36,776 - INFO - 	1913 sampling units complete in 87.35 seconds.
2022-11-17 02:15:36,780 - INFO - 	FutureTrajectories for 'DEMO' complete.
2022-11-17 02:15:36,780 - INFO - Initializing LHSDesign
2022-11-17 02:15:36,781 - INFO - LHSDesign.fields_factors_l reset successful.
2022-11-17 02:15:36,782 - INFO - LHSDesign.fields_factors_x reset successful.
2022-11-17 02:15:37,283 - INFO - 	LHSDesign for region 'DEMO' complete.
2022-11-17 02:15:37,284 - INFO - Generating primary keys (values of primary_id)...
2022-11-17 02:15:37,298 - INFO - Successfully initialized SISEPUEDEExperimentalManager.
2022-11-17 02:15:37,330 - INFO - Successfully initialized NemoMod temporary database path as /Users/jsyme/Documents/Projects/git_jbus/lac_decarbonization/tmp/nemomod_intermediate_database.sqlite.
2022-11-17 02:15:37,331 - INFO - Set Julia directory for modules and environment to '/Users/jsyme/Documents/Projects/git_jbus/lac_decarbonization/julia'.
2022-11-17 02:15:37,478 - DEBUG - 
2022-11-17 02:15:38,228 - DEBUG - pyprogramname = /Users/jsyme/anaconda3/bin/python
2022-11-17 02:15:38,229 - DEBUG - sys.executable = /Users/jsyme/anaconda3/bin/python
2022-11-17 02:15:38,229 - DEBUG - bindir = /Applications/Julia-1.8.app/Contents/Resources/julia/bin
2022-11-17 02:15:38,229 - DEBUG - libjulia_path = /Applications/Julia-1.8.app/Contents/Resources/julia/lib/libjulia.1.8.dylib
2022-11-17 02:15:38,254 - DEBUG - py_libpython = None
2022-11-17 02:15:38,254 - DEBUG - jl_libpython = /Users/jsyme/anaconda3/lib/libpython3.8.dylib
2022-11-17 02:15:38,255 - DEBUG - is_compatible_python = False
2022-11-17 02:15:38,255 - DEBUG - compiled_modules = 'no'
2022-11-17 02:15:38,256 - DEBUG - argv_list = [b'/Users/jsyme/anaconda3/bin/python', b'--compiled-modules', b'no']
2022-11-17 02:15:38,256 - DEBUG - argc = c_int(3)
2022-11-17 02:15:38,256 - DEBUG - jl_parse_opts called
2022-11-17 02:15:38,256 - DEBUG - argc = c_int(0)
2022-11-17 02:15:38,256 - DEBUG - calling jl_init_with_image(/Applications/Julia-1.8.app/Contents/Resources/julia/bin, /Applications/Julia-1.8.app/Contents/Resources/julia/lib/julia/sys.dylib)
2022-11-17 02:15:38,517 - DEBUG - seems to work...
2022-11-17 02:15:49,233 - DEBUG - exception occured? None
2022-11-17 02:15:49,233 - DEBUG - exception occured? None
2022-11-17 02:15:49,233 - DEBUG - exception occured? None
2022-11-17 02:15:49,233 - DEBUG - exception occured? None
2022-11-17 02:15:49,234 - DEBUG - exception occured? None
2022-11-17 02:15:49,290 - DEBUG - exception occured? None
2022-11-17 02:15:49,290 - DEBUG - exception occured? None
2022-11-17 02:15:49,295 - DEBUG - exception occured? None
2022-11-17 02:15:49,297 - DEBUG - exception occured? None
2022-11-17 02:15:49,297 - DEBUG - exception occured? None
2022-11-17 02:15:49,441 - DEBUG - 
2022-11-17 02:15:49,441 - DEBUG - exception occured? None
2022-11-17 02:15:49,441 - DEBUG - exception occured? None
2022-11-17 02:15:49,441 - DEBUG - exception occured? None
2022-11-17 02:15:49,442 - DEBUG - exception occured? None
2022-11-17 02:15:49,442 - DEBUG - exception occured? None
2022-11-17 02:15:49,442 - DEBUG - exception occured? None
2022-11-17 02:15:49,442 - DEBUG - exception occured? None
2022-11-17 02:15:49,442 - DEBUG - exception occured? None
2022-11-17 02:15:49,442 - DEBUG - exception occured? None
2022-11-17 02:15:49,443 - DEBUG - exception occured? None
2022-11-17 02:15:49,443 - DEBUG - exception occured? None
2022-11-17 02:15:49,443 - DEBUG - exception occured? None
2022-11-17 02:15:49,444 - DEBUG - exception occured? 4786822144
2022-11-17 02:15:49,592 - DEBUG - exception occured? None
2022-11-17 02:15:49,592 - DEBUG - exception occured? None
2022-11-17 02:15:49,592 - DEBUG - exception occured? None
2022-11-17 02:15:49,593 - DEBUG - exception occured? None
2022-11-17 02:15:49,593 - DEBUG - exception occured? None
2022-11-17 02:15:50,768 - DEBUG - exception occured? 4765389120
2022-11-17 02:16:50,438 - DEBUG - exception occured? None
2022-11-17 02:16:50,439 - DEBUG - exception occured? None
2022-11-17 02:16:50,440 - DEBUG - exception occured? 4733321840
2022-11-17 02:16:50,456 - DEBUG - exception occured? None
2022-11-17 02:16:50,457 - DEBUG - exception occured? None
2022-11-17 02:16:50,457 - DEBUG - exception occured? None
2022-11-17 02:16:50,458 - DEBUG - exception occured? None
2022-11-17 02:16:50,458 - DEBUG - exception occured? None
2022-11-17 02:16:50,476 - DEBUG - exception occured? None
2022-11-17 02:16:50,476 - DEBUG - exception occured? None
2022-11-17 02:16:50,477 - DEBUG - exception occured? None
2022-11-17 02:16:50,478 - DEBUG - exception occured? None
2022-11-17 02:16:50,478 - DEBUG - exception occured? None
2022-11-17 02:16:50,478 - DEBUG - exception occured? None
2022-11-17 02:16:50,479 - DEBUG - exception occured? None
2022-11-17 02:16:50,479 - DEBUG - exception occured? None
2022-11-17 02:16:50,479 - DEBUG - exception occured? None
2022-11-17 02:16:50,479 - DEBUG - exception occured? None
2022-11-17 02:16:50,480 - DEBUG - exception occured? None
2022-11-17 02:16:50,529 - DEBUG - exception occured? None
2022-11-17 02:16:50,529 - DEBUG - exception occured? None
2022-11-17 02:16:50,529 - DEBUG - exception occured? None
2022-11-17 02:16:50,529 - DEBUG - exception occured? None
2022-11-17 02:16:50,529 - DEBUG - exception occured? None
2022-11-17 02:16:50,530 - DEBUG - exception occured? None
2022-11-17 02:16:50,530 - DEBUG - exception occured? None
2022-11-17 02:16:50,572 - DEBUG - exception occured? None
2022-11-17 02:16:50,572 - DEBUG - exception occured? None
2022-11-17 02:16:50,572 - DEBUG - exception occured? None
2022-11-17 02:16:50,573 - DEBUG - exception occured? None
2022-11-17 02:16:50,573 - DEBUG - exception occured? None
2022-11-17 02:16:50,573 - DEBUG - exception occured? None
2022-11-17 02:16:50,625 - DEBUG - exception occured? 4768309008
2022-11-17 02:16:51,446 - DEBUG - exception occured? None
2022-11-17 02:16:51,447 - DEBUG - exception occured? None
2022-11-17 02:16:51,447 - INFO - Successfully initialized JuMP optimizer from solver module Gurobi.
2022-11-17 02:16:51,475 - INFO - Successfully initialized SISEPUEDEModels.
2022-11-17 02:16:51,538 - ERROR - Error in _write_to_table trying to write ANALYSIS_METADATA: 'NoneType' object is not iterable
2022-11-17 02:16:51,564 - INFO - Table ATTRIBUTE_DESIGN successfully written to database.
2022-11-17 02:16:51,598 - INFO - Table ATTRIBUTE_LHC_SAMPLES_LEVER_EFFECTS successfully written to database.
2022-11-17 02:16:54,640 - INFO - Table ATTRIBUTE_LHC_SAMPLES_EXOGENOUS_UNCERTAINTIES successfully written to database.
2022-11-17 02:16:55,018 - INFO - Table ATTRIBUTE_PRIMARY successfully written to database.
2022-11-17 02:16:55,061 - INFO - Table ATTRIBUTE_STRATEGY successfully written to database.
2022-11-17 02:16:55,073 - ERROR - Error in _write_to_table trying to write MODEL_BASE_INPUT_DATABASE: 'NoneType' object is not iterable
2022-11-17 02:27:22,217 - ERROR - Error in _write_to_table trying to write ANALYSIS_METADATA: 'NoneType' object is not iterable
2022-11-17 02:30:02,397 - DEBUG - exception occured? 5792049952
2022-11-17 02:30:02,398 - DEBUG - exception occured? None
2022-11-17 02:30:02,398 - DEBUG - exception occured? 5792052592
2022-11-17 02:30:02,398 - DEBUG - exception occured? None
2022-11-17 02:30:02,399 - DEBUG - exception occured? 5798609056
2022-11-17 02:30:02,399 - DEBUG - exception occured? None
2022-11-17 02:30:02,399 - DEBUG - exception occured? 5798612320
2022-11-17 02:30:02,399 - DEBUG - exception occured? None
2022-11-17 02:30:02,400 - DEBUG - exception occured? 5798615488
2022-11-17 02:30:02,400 - DEBUG - exception occured? None
2022-11-17 02:30:02,400 - DEBUG - exception occured? 5798618176
2022-11-17 02:30:02,401 - DEBUG - exception occured? None
2022-11-17 02:30:02,401 - DEBUG - exception occured? 5798620800
2022-11-17 02:30:02,401 - DEBUG - exception occured? None
2022-11-17 02:30:02,401 - DEBUG - exception occured? 5798623728
2022-11-17 02:30:02,402 - DEBUG - exception occured? None
2022-11-17 02:30:02,403 - DEBUG - exception occured? 5798644592
2022-11-17 02:30:02,404 - DEBUG - exception occured? None
2022-11-17 02:30:02,404 - DEBUG - exception occured? 5798648128
2022-11-17 02:30:02,404 - DEBUG - exception occured? None
2022-11-17 02:30:02,405 - DEBUG - exception occured? 5798650736
2022-11-17 02:30:02,405 - DEBUG - exception occured? None
2022-11-17 02:30:02,405 - DEBUG - exception occured? 5798653424
2022-11-17 02:30:02,405 - DEBUG - exception occured? None
2022-11-17 02:30:02,406 - DEBUG - exception occured? 5798655904
2022-11-17 02:30:02,406 - DEBUG - exception occured? None
2022-11-17 02:30:02,406 - DEBUG - exception occured? 5798691440
2022-11-17 02:30:02,407 - DEBUG - exception occured? None
2022-11-17 02:30:02,407 - DEBUG - exception occured? 5798694192
2022-11-17 02:30:02,407 - DEBUG - exception occured? None
2022-11-17 02:30:02,407 - DEBUG - exception occured? 5798696816
2022-11-17 02:30:02,408 - DEBUG - exception occured? None
2022-11-17 02:30:51,078 - ERROR - Error in _write_to_table trying to write ANALYSIS_METADATA: 'NoneType' object is not iterable
2022-11-17 02:31:15,962 - INFO - Running AFOLU model
2022-11-17 02:31:16,275 - INFO - AFOLU model run successfully completed
2022-11-17 02:31:16,275 - INFO - Running CircularEconomy model
2022-11-17 02:31:16,381 - INFO - CircularEconomy model run successfully completed
2022-11-17 02:31:16,382 - INFO - Running IPPU model
2022-11-17 02:31:16,498 - INFO - IPPU model run successfully completed
2022-11-17 02:31:16,499 - INFO - Running Energy model (NonElectricEnergy without Fugitive Emissions)
2022-11-17 02:31:16,665 - INFO - NonElectricEnergy without Fugitive Emissions model run successfully completed
2022-11-17 02:31:16,666 - INFO - Running Energy model (Electricity: trying to call Julia)
2022-11-17 02:31:18,144 - DEBUG - exception occured? None
2022-11-17 02:31:18,144 - DEBUG - exception occured? None
2022-11-17 02:31:18,144 - DEBUG - exception occured? None
2022-11-17 02:31:18,154 - DEBUG - exception occured? None
2022-11-17 02:31:18,154 - DEBUG - exception occured? None
2022-11-17 02:31:18,154 - DEBUG - exception occured? None
2022-11-17 02:31:20,096 - DEBUG - exception occured? None
2022-11-17 02:31:20,096 - DEBUG - exception occured? None
2022-11-17 02:31:20,096 - DEBUG - exception occured? None
2022-11-17 02:32:20,530 - DEBUG - exception occured? 7161069392
2022-11-17 02:32:20,532 - DEBUG - exception occured? None
2022-11-17 02:32:20,532 - DEBUG - exception occured? 7161120944
2022-11-17 02:32:20,533 - DEBUG - exception occured? None
2022-11-17 02:32:20,533 - DEBUG - exception occured? 7161123328
2022-11-17 02:32:20,533 - DEBUG - exception occured? None
2022-11-17 02:32:20,534 - DEBUG - exception occured? 7161125712
2022-11-17 02:32:20,534 - DEBUG - exception occured? None
2022-11-17 02:32:20,535 - DEBUG - exception occured? 7161128096
2022-11-17 02:32:20,535 - DEBUG - exception occured? None
2022-11-17 02:32:20,536 - DEBUG - exception occured? 7161130512
2022-11-17 02:32:20,536 - DEBUG - exception occured? None
2022-11-17 02:32:20,536 - DEBUG - exception occured? 7161132960
2022-11-17 02:32:20,537 - DEBUG - exception occured? None
2022-11-17 02:32:20,537 - DEBUG - exception occured? 7161200928
2022-11-17 02:32:20,538 - DEBUG - exception occured? None
2022-11-17 02:32:20,540 - DEBUG - exception occured? 7161203312
2022-11-17 02:32:20,540 - DEBUG - exception occured? None
2022-11-17 02:32:20,541 - DEBUG - exception occured? 7161205696
2022-11-17 02:32:20,541 - DEBUG - exception occured? None
2022-11-17 02:32:20,542 - DEBUG - exception occured? 7161208080
2022-11-17 02:32:20,542 - DEBUG - exception occured? None
2022-11-17 02:32:20,542 - DEBUG - exception occured? 7161210464
2022-11-17 02:32:20,543 - DEBUG - exception occured? None
2022-11-17 02:32:20,543 - DEBUG - exception occured? 7161212848
2022-11-17 02:32:20,543 - DEBUG - exception occured? None
2022-11-17 02:32:20,544 - DEBUG - exception occured? 7161215264
2022-11-17 02:32:20,544 - DEBUG - exception occured? None
2022-11-17 02:32:20,545 - DEBUG - exception occured? 7161234112
2022-11-17 02:32:20,545 - DEBUG - exception occured? None
2022-11-17 02:32:20,545 - DEBUG - exception occured? 7161236528
2022-11-17 02:32:20,546 - DEBUG - exception occured? None
2022-11-17 02:32:32,721 - INFO - Running AFOLU model
2022-11-17 02:32:33,041 - INFO - AFOLU model run successfully completed
2022-11-17 02:32:33,041 - INFO - Running CircularEconomy model
2022-11-17 02:32:33,149 - INFO - CircularEconomy model run successfully completed
2022-11-17 02:32:33,150 - INFO - Running IPPU model
2022-11-17 02:32:33,273 - INFO - IPPU model run successfully completed
2022-11-17 02:32:33,273 - INFO - Running Energy model (NonElectricEnergy without Fugitive Emissions)
2022-11-17 02:32:33,440 - INFO - NonElectricEnergy without Fugitive Emissions model run successfully completed
2022-11-17 02:32:33,440 - INFO - Running Energy model (Electricity: trying to call Julia)
2022-11-17 02:32:34,780 - DEBUG - exception occured? None
2022-11-17 02:32:34,781 - DEBUG - exception occured? None
2022-11-17 02:32:34,781 - DEBUG - exception occured? None
2022-11-17 02:32:34,781 - DEBUG - exception occured? None
2022-11-17 02:32:34,781 - DEBUG - exception occured? None
2022-11-17 02:32:34,782 - DEBUG - exception occured? None
2022-11-17 02:32:34,786 - DEBUG - exception occured? None
2022-11-17 02:32:34,787 - DEBUG - exception occured? None
2022-11-17 02:32:34,787 - DEBUG - exception occured? None
2022-11-17 02:32:49,229 - INFO - NemoMod ran successfully with the following status: <PyCall.jlwrap OPTIMAL>
2022-11-17 02:32:49,248 - INFO - ElectricEnergy model run successfully completed
2022-11-17 02:32:49,338 - INFO - Fugitive Emissions from Energy model run successfully completed
2022-11-17 02:32:49,341 - INFO - Model run for primary_id = 3003 successfully completed in 16.62 seconds.
2022-11-17 02:32:49,346 - INFO - Running AFOLU model
2022-11-17 02:32:49,708 - INFO - AFOLU model run successfully completed
2022-11-17 02:32:49,709 - INFO - Running CircularEconomy model
2022-11-17 02:32:49,811 - INFO - CircularEconomy model run successfully completed
2022-11-17 02:32:49,811 - INFO - Running IPPU model
2022-11-17 02:32:49,927 - INFO - IPPU model run successfully completed
2022-11-17 02:32:49,928 - INFO - Running Energy model (NonElectricEnergy without Fugitive Emissions)
2022-11-17 02:32:50,101 - INFO - NonElectricEnergy without Fugitive Emissions model run successfully completed
2022-11-17 02:32:50,102 - INFO - Running Energy model (Electricity: trying to call Julia)
2022-11-17 02:32:51,375 - DEBUG - exception occured? None
2022-11-17 02:32:51,376 - DEBUG - exception occured? None
2022-11-17 02:32:51,376 - DEBUG - exception occured? None
2022-11-17 02:32:51,376 - DEBUG - exception occured? None
2022-11-17 02:32:51,376 - DEBUG - exception occured? None
2022-11-17 02:32:51,377 - DEBUG - exception occured? None
2022-11-17 02:32:51,381 - DEBUG - exception occured? None
2022-11-17 02:32:51,381 - DEBUG - exception occured? None
2022-11-17 02:32:51,381 - DEBUG - exception occured? None
2022-11-17 02:33:06,118 - INFO - NemoMod ran successfully with the following status: <PyCall.jlwrap OPTIMAL>
2022-11-17 02:33:06,140 - INFO - ElectricEnergy model run successfully completed
2022-11-17 02:33:06,226 - INFO - Fugitive Emissions from Energy model run successfully completed
2022-11-17 02:33:06,229 - INFO - Model run for primary_id = 4004 successfully completed in 16.88 seconds.
2022-11-17 02:33:06,720 - INFO - Table MODEL_OUTPUT successfully written to database.
2022-11-17 02:33:06,726 - INFO - Running AFOLU model
2022-11-17 02:33:07,118 - INFO - AFOLU model run successfully completed
2022-11-17 02:33:07,119 - INFO - Running CircularEconomy model
2022-11-17 02:33:07,223 - INFO - CircularEconomy model run successfully completed
2022-11-17 02:33:07,224 - INFO - Running IPPU model
2022-11-17 02:33:07,341 - INFO - IPPU model run successfully completed
2022-11-17 02:33:07,342 - INFO - Running Energy model (NonElectricEnergy without Fugitive Emissions)
2022-11-17 02:33:07,512 - INFO - NonElectricEnergy without Fugitive Emissions model run successfully completed
2022-11-17 02:33:07,512 - INFO - Running Energy model (Electricity: trying to call Julia)
2022-11-17 02:33:08,791 - DEBUG - exception occured? None
2022-11-17 02:33:08,791 - DEBUG - exception occured? None
2022-11-17 02:33:08,791 - DEBUG - exception occured? None
2022-11-17 02:33:08,792 - DEBUG - exception occured? None
2022-11-17 02:33:08,792 - DEBUG - exception occured? None
2022-11-17 02:33:08,792 - DEBUG - exception occured? None
2022-11-17 02:33:08,796 - DEBUG - exception occured? None
2022-11-17 02:33:08,796 - DEBUG - exception occured? None
2022-11-17 02:33:08,796 - DEBUG - exception occured? None
2022-11-17 02:33:22,301 - INFO - NemoMod ran successfully with the following status: <PyCall.jlwrap OPTIMAL>
2022-11-17 02:33:22,322 - INFO - ElectricEnergy model run successfully completed
2022-11-17 02:33:22,411 - INFO - Fugitive Emissions from Energy model run successfully completed
2022-11-17 02:33:22,415 - INFO - Model run for primary_id = 5005 successfully completed in 15.69 seconds.
2022-11-17 02:33:22,607 - INFO - Running AFOLU model
2022-11-17 02:33:22,938 - INFO - AFOLU model run successfully completed
2022-11-17 02:33:22,939 - INFO - Running CircularEconomy model
2022-11-17 02:33:23,058 - INFO - CircularEconomy model run successfully completed
2022-11-17 02:33:23,059 - INFO - Running IPPU model
2022-11-17 02:33:23,187 - INFO - IPPU model run successfully completed
2022-11-17 02:33:23,187 - INFO - Running Energy model (NonElectricEnergy without Fugitive Emissions)
2022-11-17 02:33:23,351 - INFO - NonElectricEnergy without Fugitive Emissions model run successfully completed
2022-11-17 02:33:23,352 - INFO - Running Energy model (Electricity: trying to call Julia)
2022-11-17 02:33:24,836 - DEBUG - exception occured? None
2022-11-17 02:33:24,836 - DEBUG - exception occured? None
2022-11-17 02:33:24,836 - DEBUG - exception occured? None
2022-11-17 02:33:24,836 - DEBUG - exception occured? None
2022-11-17 02:33:24,837 - DEBUG - exception occured? None
2022-11-17 02:33:24,837 - DEBUG - exception occured? None
2022-11-17 02:33:24,840 - DEBUG - exception occured? None
2022-11-17 02:33:24,841 - DEBUG - exception occured? None
2022-11-17 02:33:24,841 - DEBUG - exception occured? None
2022-11-17 02:33:38,517 - INFO - NemoMod ran successfully with the following status: <PyCall.jlwrap OPTIMAL>
2022-11-17 02:33:38,539 - INFO - ElectricEnergy model run successfully completed
2022-11-17 02:33:38,639 - INFO - Fugitive Emissions from Energy model run successfully completed
2022-11-17 02:33:38,643 - INFO - Model run for primary_id = 3474 successfully completed in 16.04 seconds.
2022-11-17 02:33:39,374 - INFO - Table MODEL_OUTPUT successfully appended to database.
2022-11-17 02:33:39,380 - INFO - Running AFOLU model
2022-11-17 02:33:39,827 - INFO - AFOLU model run successfully completed
2022-11-17 02:33:39,827 - INFO - Running CircularEconomy model
2022-11-17 02:33:39,943 - INFO - CircularEconomy model run successfully completed
2022-11-17 02:33:39,944 - INFO - Running IPPU model
2022-11-17 02:33:40,072 - INFO - IPPU model run successfully completed
2022-11-17 02:33:40,073 - INFO - Running Energy model (NonElectricEnergy without Fugitive Emissions)
2022-11-17 02:33:40,251 - INFO - NonElectricEnergy without Fugitive Emissions model run successfully completed
2022-11-17 02:33:40,252 - INFO - Running Energy model (Electricity: trying to call Julia)
2022-11-17 02:33:41,564 - DEBUG - exception occured? None
2022-11-17 02:33:41,564 - DEBUG - exception occured? None
2022-11-17 02:33:41,564 - DEBUG - exception occured? None
2022-11-17 02:33:41,564 - DEBUG - exception occured? None
2022-11-17 02:33:41,565 - DEBUG - exception occured? None
2022-11-17 02:33:41,565 - DEBUG - exception occured? None
2022-11-17 02:33:41,569 - DEBUG - exception occured? None
2022-11-17 02:33:41,569 - DEBUG - exception occured? None
2022-11-17 02:33:41,570 - DEBUG - exception occured? None
2022-11-17 02:33:55,703 - INFO - NemoMod ran successfully with the following status: <PyCall.jlwrap OPTIMAL>
2022-11-17 02:33:55,727 - INFO - ElectricEnergy model run successfully completed
2022-11-17 02:33:55,822 - INFO - Fugitive Emissions from Energy model run successfully completed
2022-11-17 02:33:55,825 - INFO - Model run for primary_id = 4475 successfully completed in 16.44 seconds.
2022-11-17 02:33:55,828 - INFO - Running AFOLU model
2022-11-17 02:33:56,168 - INFO - AFOLU model run successfully completed
2022-11-17 02:33:56,169 - INFO - Running CircularEconomy model
2022-11-17 02:33:56,271 - INFO - CircularEconomy model run successfully completed
2022-11-17 02:33:56,271 - INFO - Running IPPU model
2022-11-17 02:33:56,389 - INFO - IPPU model run successfully completed
2022-11-17 02:33:56,390 - INFO - Running Energy model (NonElectricEnergy without Fugitive Emissions)
2022-11-17 02:33:56,556 - INFO - NonElectricEnergy without Fugitive Emissions model run successfully completed
2022-11-17 02:33:56,557 - INFO - Running Energy model (Electricity: trying to call Julia)
2022-11-17 02:33:57,918 - DEBUG - exception occured? None
2022-11-17 02:33:57,919 - DEBUG - exception occured? None
2022-11-17 02:33:57,919 - DEBUG - exception occured? None
2022-11-17 02:33:57,919 - DEBUG - exception occured? None
2022-11-17 02:33:57,919 - DEBUG - exception occured? None
2022-11-17 02:33:57,919 - DEBUG - exception occured? None
2022-11-17 02:33:57,924 - DEBUG - exception occured? None
2022-11-17 02:33:57,924 - DEBUG - exception occured? None
2022-11-17 02:33:57,924 - DEBUG - exception occured? None
2022-11-17 02:34:10,587 - INFO - NemoMod ran successfully with the following status: <PyCall.jlwrap OPTIMAL>
2022-11-17 02:34:10,610 - INFO - ElectricEnergy model run successfully completed
2022-11-17 02:34:10,706 - INFO - Fugitive Emissions from Energy model run successfully completed
2022-11-17 02:34:10,711 - INFO - Model run for primary_id = 5476 successfully completed in 14.88 seconds.
2022-11-17 02:34:11,151 - INFO - Table MODEL_OUTPUT successfully appended to database.
